<?xml version="1.0" encoding="UTF-8"?>
<!-- Generated by org.testng.reporters.JUnitReportReporter -->
<testsuite hostname="DESKTOP-2SRJ36V" failures="0" tests="3" name="test.d2" time="0.549" errors="0" timestamp="2023-04-21T10:30:41 IST" skipped="0">
  <testcase classname="test.d2" name="radiobutton" time="0.054"/>
  <system-out/>
  <testcase classname="test.d2" name="DROPDOWN" time="0.325"/>
  <system-out/>
  <testcase classname="test.d2" name="checkbox" time="0.170"/>
  <system-out/>
</testsuite> <!-- test.d2 -->
