<?xml version="1.0" encoding="UTF-8"?>
<!-- Generated by org.testng.reporters.JUnitReportReporter -->
<testsuite hostname="DESKTOP-2SRJ36V" failures="0" tests="1" name="test.d2" time="0.584" errors="0" timestamp="2023-04-21T10:07:47 IST" skipped="0">
  <testcase classname="test.d2" name="test1" time="0.584"/>
  <system-out/>
</testsuite> <!-- test.d2 -->
